[00:37:31] This is prokka 1.15.6
[00:37:31] Written by Torsten Seemann <torsten.seemann@gmail.com>
[00:37:31] Homepage is https://github.com/tseemann/prokka
[00:37:31] Local time is Tue Apr 21 00:37:31 2026
[00:37:31] You are andres
[00:37:31] Operating system is linux
[00:37:31] You have BioPerl 1.7.8
[00:37:31] System has 32 cores.
[00:37:31] Will use maximum of 1 cores.
[00:37:31] Annotating as >>> Bacteria <<<
[00:37:31] Generating locus_tag from 'xxa.fna' contents.
[00:37:32] Setting --locustag MIINHGNC from MD5 6227107cc517d81936ccc8cb46f76839
[00:37:32] Creating new output folder: xxa_ann
[00:37:32] Running: mkdir -p xxa_ann
[00:37:32] Using filename prefix: xxa.XXX
[00:37:32] Setting HMMER_NCPU=1
[00:37:32] Writing log to: xxa_ann/xxa.log
[00:37:32] Command: /home/andres/anaconda3/envs/prokka_env/bin/prokka --cpus 1 --outdir xxa_ann --prefix xxa xxa.fna
[00:37:32] Looking for 'aragorn' - found /home/andres/anaconda3/envs/prokka_env/bin/aragorn
[00:37:32] Determined aragorn version is v1.2 from 'ARAGORN v1.2.41 Dean Laslett'
[00:37:32] Looking for 'barrnap' - found /home/andres/anaconda3/envs/prokka_env/bin/barrnap
[00:37:32] Determined barrnap version is v1.10 from 'barrnap 1.10.5'
[00:37:32] Looking for 'blastp' - found /home/andres/anaconda3/envs/prokka_env/bin/blastp
[00:37:32] Determined blastp version is v2.16 from 'blastp: 2.16.0+'
[00:37:32] Looking for 'cmpress' - found /home/andres/anaconda3/envs/prokka_env/bin/cmpress
[00:37:32] Determined cmpress version is v1.1 from '# INFERNAL 1.1.5 (Sep 2023)'
[00:37:32] Looking for 'cmscan' - found /home/andres/anaconda3/envs/prokka_env/bin/cmscan
[00:37:32] Determined cmscan version is v1.1 from '# INFERNAL 1.1.5 (Sep 2023)'
[00:37:32] Looking for 'egrep' - found /usr/bin/egrep
[00:37:32] Looking for 'find' - found /usr/bin/find
[00:37:32] Looking for 'grep' - found /usr/bin/grep
[00:37:32] Looking for 'hmmpress' - found /home/andres/anaconda3/envs/prokka_env/bin/hmmpress
[00:37:32] Determined hmmpress version is v3.4 from '# HMMER 3.4 (Aug 2023); http://hmmer.org/'
[00:37:32] Looking for 'hmmscan' - found /home/andres/anaconda3/envs/prokka_env/bin/hmmscan
[00:37:32] Determined hmmscan version is v3.4 from '# HMMER 3.4 (Aug 2023); http://hmmer.org/'
[00:37:32] Looking for 'java' - found /home/andres/anaconda3/envs/prokka_env/bin/java
[00:37:32] Looking for 'makeblastdb' - found /home/andres/anaconda3/envs/prokka_env/bin/makeblastdb
[00:37:32] Determined makeblastdb version is v2.16 from 'makeblastdb: 2.16.0+'
[00:37:32] Looking for 'minced' - found /home/andres/anaconda3/envs/prokka_env/bin/minced
[00:37:32] Determined minced version is v4.2 from 'minced 0.4.2'
[00:37:32] Looking for 'parallel' - found /home/andres/anaconda3/envs/prokka_env/bin/parallel
[00:37:32] Determined parallel version is 20260122 from 'GNU parallel 20260122'
[00:37:32] Looking for 'prodigal' - found /home/andres/anaconda3/envs/prokka_env/bin/prodigal
[00:37:32] Determined prodigal version is v2.6 from 'Prodigal V2.6.3: February, 2016'
[00:37:32] Looking for 'prokka-genbank_to_fasta_db' - found /home/andres/anaconda3/envs/prokka_env/bin/prokka-genbank_to_fasta_db
[00:37:32] Looking for 'sed' - found /usr/bin/sed
[00:37:32] Looking for 'tbl2asn' - found /home/andres/anaconda3/envs/prokka_env/bin/tbl2asn
[00:37:32] Determined tbl2asn version is v25.7 from 'tbl2asn 25.7   arguments:'
[00:37:32] Using genetic code table 11.
[00:37:32] Loading and checking input file: xxa.fna
[00:37:32] Wrote 76 contigs totalling 2648791 bp.
[00:37:32] Predicting tRNAs and tmRNAs
[00:37:32] Running: aragorn -l -gc11  -w xxa_ann\/xxa\.fna
[00:37:33] 1 tRNA-Asp c[224818,224892] 35 (gtc)
[00:37:33] 2 tRNA-Glu c[224899,224973] 34 (ttc)
[00:37:33] 1 tRNA-Arg c[30555,30626] 34 (ccg)
[00:37:33] 2 tmRNA [47477,47834] 93,128 GKTNNNFAVAA*
[00:37:33] 1 tRNA-Ser c[136489,136579] 37 (gga)
[00:37:33] 2 tRNA-Glu c[136628,136699] 34 (ttc)
[00:37:33] 3 tRNA-Asn c[136701,136775] 33 (gtt)
[00:37:33] 4 tRNA-Gly c[136783,136856] 33 (tcc)
[00:37:33] 5 tRNA-His c[136875,136949] 35 (gtg)
[00:37:33] 6 tRNA-Phe c[136962,137035] 34 (gaa)
[00:37:33] 7 tRNA-Asp c[137046,137122] 35 (gtc)
[00:37:33] 8 tRNA-Met c[137133,137208] 36 (cat)
[00:37:33] 9 tRNA-Glu c[137316,137390] 35 (ttc)
[00:37:33] 10 tRNA-Leu c[175885,175969] 35 (caa)
[00:37:33] 11 tRNA-Gly c[183369,183443] 34 (tcc)
[00:37:33] 12 tRNA-Cys c[183458,183532] 33 (gca)
[00:37:33] 13 tRNA-Gln c[183541,183612] 33 (ttg)
[00:37:33] 14 tRNA-His c[183628,183701] 34 (gtg)
[00:37:33] 15 tRNA-Trp c[183704,183777] 33 (cca)
[00:37:33] 16 tRNA-Tyr c[183785,183868] 35 (gta)
[00:37:33] 17 tRNA-Thr c[183875,183950] 34 (tgt)
[00:37:33] 18 tRNA-Phe c[183958,184031] 34 (gaa)
[00:37:33] 19 tRNA-Asp c[184042,184118] 35 (gtc)
[00:37:33] 20 tRNA-Met c[184133,184206] 35 (cat)
[00:37:33] 21 tRNA-Ser c[184224,184316] 37 (tga)
[00:37:33] 22 tRNA-Met c[184325,184398] 35 (cat)
[00:37:33] 23 tRNA-Met c[184423,184497] 35 (cat)
[00:37:33] 24 tRNA-Ala c[184528,184603] 34 (tgc)
[00:37:33] 25 tRNA-Pro c[184626,184699] 35 (tgg)
[00:37:33] 26 tRNA-Arg c[184712,184786] 35 (acg)
[00:37:33] 27 tRNA-Leu c[184804,184892] 35 (taa)
[00:37:33] 28 tRNA-Gly c[184899,184973] 33 (gcc)
[00:37:33] 29 tRNA-Leu c[184976,185059] 36 (tag)
[00:37:33] 30 tRNA-Lys c[185062,185135] 34 (ttt)
[00:37:33] 31 tRNA-Thr c[185140,185215] 34 (tgt)
[00:37:33] 32 tRNA-Val c[185239,185314] 34 (tac)
[00:37:33] 1 tRNA-Arg [63859,63933] 35 (tct)
[00:37:33] 1 tRNA-Ser [54815,54907] 37 (tga)
[00:37:33] 1 tRNA-Ala c[16,91] 34 (tgc)
[00:37:33] 2 tRNA-Pro c[108,182] 35 (tgg)
[00:37:33] 3 tRNA-Arg c[192,268] 35 (acg)
[00:37:33] 4 tRNA-Leu c[280,368] 35 (taa)
[00:37:33] 5 tRNA-Gly c[377,451] 33 (gcc)
[00:37:33] 6 tRNA-Lys c[467,542] 34 (ttt)
[00:37:33] 7 tRNA-Thr c[549,624] 34 (tgt)
[00:37:33] 8 tRNA-Val c[627,702] 34 (tac)
[00:37:33] 1 tRNA-Asn [173,247] 33 (gtt)
[00:37:33] 2 tRNA-Glu [248,321] 35 (ttc)
[00:37:33] 3 tRNA-Val [330,405] 34 (tac)
[00:37:33] 4 tRNA-Tyr [426,509] 35 (gta)
[00:37:33] 5 tRNA-Gln [514,588] 33 (ttg)
[00:37:33] 6 tRNA-Lys [592,665] 34 (ttt)
[00:37:33] 1 tRNA-Ser c[2004,2093] 36 (gct)
[00:37:33] 2 tRNA-Asn c[2095,2169] 33 (gtt)
[00:37:33] 1 tRNA-Gly c[17,90] 33 (tcc)
[00:37:33] 2 tRNA-Leu c[115,197] 34 (gag)
[00:37:33] 1 tRNA-Ala c[11,86] 34 (tgc)
[00:37:33] 2 tRNA-Ile c[109,185] 35 (gat)
[00:37:33] 1 tRNA-Ile c[8,84] 35 (gat)
[00:37:33] Found 59 tRNAs
[00:37:33] Predicting Ribosomal RNAs
[00:37:33] Running Barrnap with 1 threads
[00:37:34] Found 0 rRNAs
[00:37:34] Skipping ncRNA search, enable with --rfam if desired.
[00:37:34] Total of 58 tRNA + rRNA features
[00:37:34] Searching for CRISPR repeats
[00:37:34] CRISPR1 2 130681 with 14 spacers
[00:37:35] Found 1 CRISPRs
[00:37:35] Predicting coding sequences
[00:37:35] Contigs total 2648791 bp, so using single mode
[00:37:35] Running: prodigal -i xxa_ann\/xxa\.fna -c -m -g 11 -p single -f sco -q
[00:37:40] Found 2486 CDS
[00:37:40] Connecting features back to sequences
[00:37:40] Not using genus-specific database. Try --usegenus to enable it.
[00:37:40] Annotating CDS, please be patient.
[00:37:40] Will use 1 CPUs for similarity searching.
[00:37:40] There are still 2486 unannotated CDS left (started with 2486)
[00:37:40] Will use blast to search against /home/andres/anaconda3/envs/prokka_env/db/kingdom/Bacteria/IS with 1 CPUs
[00:37:40] Running: cat xxa_ann\/xxa\.IS\.tmp\.2528262\.faa | parallel --gnu --plain -j 1 --block 374265 --recstart '>' --pipe blastp -query - -db /home/andres/anaconda3/envs/prokka_env/db/kingdom/Bacteria/IS -evalue 1e-30 -qcov_hsp_perc 90 -num_threads 1 -num_descriptions 1 -num_alignments 1 -seg no > xxa_ann\/xxa\.IS\.tmp\.2528262\.blast 2> /dev/null
[00:38:33] Deleting unwanted file: xxa_ann/xxa.IS.tmp.2528262.faa
[00:38:33] Deleting unwanted file: xxa_ann/xxa.IS.tmp.2528262.blast
[00:38:33] There are still 2477 unannotated CDS left (started with 2486)
[00:38:33] Will use blast to search against /home/andres/anaconda3/envs/prokka_env/db/kingdom/Bacteria/AMR with 1 CPUs
[00:38:33] Running: cat xxa_ann\/xxa\.AMR\.tmp\.2528262\.faa | parallel --gnu --plain -j 1 --block 373003 --recstart '>' --pipe blastp -query - -db /home/andres/anaconda3/envs/prokka_env/db/kingdom/Bacteria/AMR -evalue 1e-300 -qcov_hsp_perc 90 -num_threads 1 -num_descriptions 1 -num_alignments 1 -seg no > xxa_ann\/xxa\.AMR\.tmp\.2528262\.blast 2> /dev/null
[00:40:02] Deleting unwanted file: xxa_ann/xxa.AMR.tmp.2528262.faa
[00:40:02] Deleting unwanted file: xxa_ann/xxa.AMR.tmp.2528262.blast
[00:40:03] There are still 2458 unannotated CDS left (started with 2486)
[00:40:03] Will use blast to search against /home/andres/anaconda3/envs/prokka_env/db/kingdom/Bacteria/sprot with 1 CPUs
[00:40:03] Running: cat xxa_ann\/xxa\.sprot\.tmp\.2528262\.faa | parallel --gnu --plain -j 1 --block 365790 --recstart '>' --pipe blastp -query - -db /home/andres/anaconda3/envs/prokka_env/db/kingdom/Bacteria/sprot -evalue 1e-09 -qcov_hsp_perc 80 -num_threads 1 -num_descriptions 1 -num_alignments 1 -seg no > xxa_ann\/xxa\.sprot\.tmp\.2528262\.blast 2> /dev/null
[00:43:34] Modify product: Uncharacterized protein Spy1614 => putative protein
[00:43:34] Modify product: Uncharacterized protein SA1069 => putative protein
[00:43:34] Modify product: UPF0122 protein SAV1236 => hypothetical protein
[00:43:34] Modify product: Putative zinc metalloprotease SA1105 => Putative zinc metalloprotease
[00:43:34] Modify product: Uncharacterized protein YmcA => putative protein YmcA
[00:43:34] Modify product: Glutathione peroxidase homolog BsaA => Glutathione peroxidase BsaA
[00:43:34] Modify product: Putative phosphatase M6_Spy0533 => Putative phosphatase
[00:43:34] Modify product: UPF0291 protein SA1176 => hypothetical protein
[00:43:34] Modify product: UPF0154 protein SA1178 => hypothetical protein
[00:43:34] Modify product: Uncharacterized protein SA1186 => putative protein
[00:43:34] Modify product: Probable tautomerase SA1195.1 => putative tautomerase.1
[00:43:34] Modify product: Probable ATP-binding protein YbiT => putative ATP-binding protein YbiT
[00:43:34] Modify product: TelA-like protein SA1238 => TelA-like protein
[00:43:34] Modify product: Probable CtpA-like serine protease => putative CtpA-like serine protease
[00:43:34] Modify product: UPF0346 protein MW1311 => hypothetical protein
[00:43:34] Modify product: DegV domain-containing protein MW1315 => DegV domain-containing protein
[00:43:34] Modify product: Bacilliredoxin SA1261 => Bacilliredoxin
[00:43:34] Modify product: UPF0398 protein YpsA => hypothetical protein
[00:43:34] Modify product: Uncharacterized protein YpjD => putative protein YpjD
[00:43:34] Modify product: Probable ATP-dependent DNA helicase RecS => putative ATP-dependent DNA helicase RecS
[00:43:34] Modify product: Bacilliredoxin SA1345 => Bacilliredoxin
[00:43:34] Modify product: Probable butyrate kinase 2 => putative butyrate kinase 2
[00:43:34] Modify product: Uncharacterized protein Spy1535 => putative protein
[00:43:34] Modify product: Uncharacterized protein YibN => putative protein YibN
[00:43:34] Modify product: Probable glycine dehydrogenase (decarboxylating) subunit 2 => putative glycine dehydrogenase (decarboxylating) subunit 2
[00:43:34] Modify product: Probable glycine dehydrogenase (decarboxylating) subunit 1 => putative glycine dehydrogenase (decarboxylating) subunit 1
[00:43:34] Modify product: Probable metallo-hydrolase M6_Spy0554 => putative metallo-hydrolase
[00:43:34] Modify product: UPF0045 protein sll0230 => hypothetical protein
[00:43:34] Modify product: Uncharacterized protein YqgN => putative protein YqgN
[00:43:34] Modify product: Probable endonuclease 4 => putative endonuclease 4
[00:43:34] Modify product: GTP cyclohydrolase 1 type 2 homolog => GTP cyclohydrolase 1 type 2 
[00:43:34] Modify product: Probable nicotinate-nucleotide adenylyltransferase => putative nicotinate-nucleotide adenylyltransferase
[00:43:34] Modify product: RNA-binding protein HI_1333 => RNA-binding protein
[00:43:34] Modify product: Uncharacterized protein YqeH => putative protein YqeH
[00:43:34] Modify product: UPF0473 protein SA1443 => hypothetical protein
[00:43:34] Modify product: UPF0297 protein SA1445 => hypothetical protein
[00:43:34] Modify product: UPF0337 protein SA0772 => hypothetical protein
[00:43:34] Modify product: Probable cell wall amidase LytH => putative cell wall amidase LytH
[00:43:34] Modify product: UPF0758 protein YsxA => hypothetical protein
[00:43:34] Modify product: Probable GTP-binding protein EngB => putative GTP-binding protein EngB
[00:43:34] Modify product: UPF0173 metal-dependent hydrolase SA1529 => hypothetical protein
[00:43:34] Modify product: Uncharacterized peptidase SA1530 => putative peptidase
[00:43:34] Modify product: Putative universal stress protein SA1532 => Putative universal stress protein
[00:43:34] Modify product: Probable membrane transporter protein YfcA => putative membrane transporter protein YfcA
[00:43:34] Modify product: Probable tRNA sulfurtransferase => putative tRNA sulfurtransferase
[00:43:34] Modify product: Probable malate:quinone oxidoreductase 2 => putative malate:quinone oxidoreductase 2
[00:43:34] Modify product: Probable pyridine nucleotide-disulfide oxidoreductase RclA => putative pyridine nucleotide-disulfide oxidoreductase RclA
[00:43:34] Modify product: Uncharacterized ABC transporter permease Rv0072 => putative ABC transporter permease
[00:43:34] Modify product: Probable N-acetyl-LL-diaminopimelate aminotransferase => putative N-acetyl-LL-diaminopimelate aminotransferase
[00:43:34] Modify product: HTH-type transcriptional regulator Rv2324 => HTH-type transcriptional regulator
[00:43:34] Modify product: Probable poly-beta-1,6-N-acetyl-D-glucosamine export protein => putative poly-beta-1,6-N-acetyl-D-glucosamine export protein
[00:43:34] Modify product: UPF0312 protein SA2479 => hypothetical protein
[00:43:34] Modify product: Uncharacterized hydrolase SAOUHSC_02900 => putative hydrolase
[00:43:34] Modify product: Putative 2-hydroxyacid dehydrogenase SA2098 => Putative 2-hydroxyacid dehydrogenase
[00:43:34] Modify product: Uncharacterized transporter YycB => putative transporter YycB
[00:43:34] Modify product: Uncharacterized hydrolase HI_0588 => putative hydrolase
[00:43:34] Modify product: Probable galactarate/D-glucarate transporter GarP => putative galactarate/D-glucarate transporter GarP
[00:43:34] Modify product: Probable succinyl-diaminopimelate desuccinylase => putative succinyl-diaminopimelate desuccinylase
[00:43:34] Modify product: Uncharacterized sugar epimerase YhfK => putative sugar epimerase YhfK
[00:43:34] Modify product: Uncharacterized HTH-type transcriptional regulator YydK => putative HTH-type transcriptional regulator YydK
[00:43:34] Modify product: Uncharacterized protein YjdJ => putative protein YjdJ
[00:43:34] Modify product: Probable threonine/serine exporter => putative threonine/serine exporter
[00:43:34] Modify product: Probable undecaprenyl-phosphate N-acetylglucosaminyl 1-phosphate transferase => putative undecaprenyl-phosphate N-acetylglucosaminyl 1-phosphate transferase
[00:43:34] Modify product: DegV domain-containing protein SA0704 => DegV domain-containing protein
[00:43:34] Modify product: Nucleotide-binding protein SA0720 => Nucleotide-binding protein
[00:43:34] Modify product: Probable cell division protein WhiA => putative cell division protein WhiA
[00:43:34] Modify product: Epimerase family protein SA0724 => Epimerase family protein
[00:43:34] Modify product: Probable protein-export membrane protein SecG => putative protein-export membrane protein SecG
[00:43:34] Modify product: Organic hydroperoxide resistance protein-like => Organic hydroperoxide resistance protein-like protein
[00:43:34] Modify product: Iron-sulfur cluster assembly SufBD family protein SA0778 => Iron-sulfur cluster assembly SufBD family protein
[00:43:34] Modify product: Probable cysteine desulfurase => putative cysteine desulfurase
[00:43:34] Modify product: Iron-sulfur cluster assembly SufBD family protein SA0778 => Iron-sulfur cluster assembly SufBD family protein
[00:43:34] Modify product: UPF0053 protein HI_0107 => hypothetical protein
[00:43:34] Modify product: Protein aq_1857 => Protein
[00:43:34] Modify product: Putative esterase PA1618 => Putative esterase
[00:43:34] Modify product: Uncharacterized protein SA0829 => putative protein
[00:43:35] Modify product: Uncharacterized symporter YjmB => putative symporter YjmB
[00:43:35] Modify product: Putative transport protein Rv0205 => Putative transport protein
[00:43:35] Modify product: Putative phosphoesterase SA0873 => Putative phosphoesterase
[00:43:35] Modify product: UPF0053 inner membrane protein YoaE => hypothetical protein
[00:43:35] Modify product: Probable ketoamine kinase SAOUHSC_02908 => putative ketoamine kinase
[00:43:35] Modify product: Uncharacterized ABC transporter ATP-binding protein YknY => putative ABC transporter ATP-binding protein YknY
[00:43:35] Modify product: Urea transporter DVU1160 => Urea transporter
[00:43:35] Modify product: Probable transglycosylase IsaA => putative transglycosylase IsaA
[00:43:35] Modify product: Uncharacterized oxidoreductase YghA => putative oxidoreductase YghA
[00:43:35] Modify product: UPF0324 inner membrane protein YeiH => hypothetical protein
[00:43:35] Modify product: Probable multidrug resistance ABC transporter ATP-binding/permease protein YheI => putative multidrug resistance ABC transporter ATP-binding/permease protein YheI
[00:43:35] Modify product: Probable multidrug resistance ABC transporter ATP-binding/permease protein YheH => putative multidrug resistance ABC transporter ATP-binding/permease protein YheH
[00:43:35] Modify product: Probable galactarate/D-glucarate transporter GudP => putative galactarate/D-glucarate transporter GudP
[00:43:35] Modify product: Uncharacterized sugar epimerase YhfK => putative sugar epimerase YhfK
[00:43:35] Modify product: Probable nitrate transporter NarT => putative nitrate transporter NarT
[00:43:35] Modify product: Uncharacterized inner membrane transporter YicL => putative inner membrane transporter YicL
[00:43:35] Modify product: Uncharacterized transporter YycB => putative transporter YycB
[00:43:35] Modify product: Probable malate:quinone oxidoreductase 1 => putative malate:quinone oxidoreductase 1
[00:43:35] Modify product: Uncharacterized ABC transporter permease Rv0072 => putative ABC transporter permease
[00:43:35] Modify product: Uncharacterized protein YhaP => putative protein YhaP
[00:43:35] Modify product: UPF0060 membrane protein YnfA => hypothetical protein
[00:43:35] Modify product: UPF0354 protein SA1564 => hypothetical protein
[00:43:35] Modify product: Probable quorum-quenching lactonase YtnP => putative quorum-quenching lactonase YtnP
[00:43:35] Modify product: Putative dipeptidase SACOL1801 => Putative dipeptidase
[00:43:35] Modify product: Sulfurtransferase Alvin_2599 => Sulfurtransferase
[00:43:35] Modify product: Probable L-ascorbate-6-phosphate lactonase UlaG => putative L-ascorbate-6-phosphate lactonase UlaG
[00:43:35] Modify product: Uncharacterized metallophosphoesterase YhaO => putative metallophosphoesterase YhaO
[00:43:35] Modify product: UPF0342 protein SA1663 => hypothetical protein
[00:43:35] Modify product: UPF0754 membrane protein SA1664 => hypothetical protein
[00:43:35] Modify product: Uncharacterized methyltransferase YrrT => putative methyltransferase YrrT
[00:43:35] Modify product: N-acetylmuramoyl-L-alanine amidase domain-containing protein SAOUHSC_02979 => N-acetylmuramoyl-L-alanine amidase domain-containing protein
[00:43:35] Modify product: Uncharacterized transporter YycB => putative transporter YycB
[00:43:35] Modify product: Probable sulfoacetate transporter SauU => putative sulfoacetate transporter SauU
[00:43:35] Modify product: Uncharacterized MFS-type transporter YhhS => putative MFS-type transporter YhhS
[00:43:35] Modify product: Probable 3-hydroxyacyl-CoA dehydrogenase => putative 3-hydroxyacyl-CoA dehydrogenase
[00:43:35] Modify product: Probable ATP-binding protein YheS => putative ATP-binding protein YheS
[00:43:35] Modify product: Uncharacterized protein SA1737 => putative protein
[00:43:35] Modify product: Uncharacterized protein YjdJ => putative protein YjdJ
[00:43:35] Modify product: Probable manganese-dependent inorganic pyrophosphatase => putative manganese-dependent inorganic pyrophosphatase
[00:43:35] Modify product: UPF0316 protein SA1727 => hypothetical protein
[00:43:35] Modify product: Uncharacterized lipoprotein YerH => putative lipoprotein YerH
[00:43:35] Modify product: Putative bifunctional exonuclease/endonuclease protein Rv2191 => Putative bifunctional exonuclease/endonuclease protein
[00:43:35] Modify product: UPF0435 protein SA1696 => hypothetical protein
[00:43:35] Modify product: Uncharacterized protein SAV1875 => putative protein
[00:43:35] Modify product: Uncharacterized protein YfhH => putative protein YfhH
[00:43:35] Modify product: Uncharacterized protein YfhP => putative protein YfhP
[00:43:35] Modify product: Putative multidrug export ATP-binding/permease protein SA1683 => Putative multidrug export ATP-binding/permease protein
[00:43:35] Modify product: Putative formate dehydrogenase SA2102 => Putative formate dehydrogenase
[00:43:35] Modify product: Putative 2-hydroxyacid dehydrogenase SA2098 => Putative 2-hydroxyacid dehydrogenase
[00:43:35] Modify product: Probable guanidinium efflux system subunit GdnD => putative guanidinium efflux system subunit GdnD
[00:43:35] Modify product: Probable molybdenum cofactor guanylyltransferase => putative molybdenum cofactor guanylyltransferase
[00:43:35] Modify product: Uncharacterized HTH-type transcriptional regulator SAR2349 => putative HTH-type transcriptional regulator
[00:43:35] Modify product: Probable ATP-binding protein YheS => putative ATP-binding protein YheS
[00:43:35] Modify product: Zinc-type alcohol dehydrogenase-like protein SA1988 => Zinc-type alcohol dehydrogenase-like protein
[00:43:35] Modify product: Uncharacterized acyl--CoA ligase YhfT => putative acyl--CoA ligase YhfT
[00:43:35] Modify product: Probable acetyl-CoA acyltransferase => putative acetyl-CoA acyltransferase
[00:43:35] Modify product: UPF0382 membrane protein YwdK => hypothetical protein
[00:43:35] Modify product: Uncharacterized beta-barrel protein YwiB => putative beta-barrel protein YwiB
[00:43:35] Modify product: Probable siderophore transport system permease protein YfhA => putative siderophore transport system permease protein YfhA
[00:43:35] Modify product: Probable siderophore transport system permease protein YfiZ => putative siderophore transport system permease protein YfiZ
[00:43:35] Modify product: Probable siderophore-binding lipoprotein YfiY => putative siderophore-binding lipoprotein YfiY
[00:43:35] Modify product: Putative lipid kinase SAR0780 => Putative lipid kinase
[00:43:35] Modify product: Probable ergothioneine transporter EgtUBC => putative ergothioneine transporter EgtUBC
[00:43:35] Modify product: UPF0053 protein Rv1842c => hypothetical protein
[00:43:35] Modify product: Acetyltransferase PA3944 => Acetyltransferase
[00:43:35] Modify product: Probable transcriptional regulatory protein SA0624 => putative transcriptional regulatory protein
[00:43:35] Modify product: Probable autolysin SsaALP => putative autolysin SsaALP
[00:43:35] Modify product: Probable D-methionine-binding lipoprotein MetQ => putative D-methionine-binding lipoprotein MetQ
[00:43:35] Modify product: Uncharacterized protein YpuA => putative protein YpuA
[00:43:35] Modify product: Uncharacterized ABC transporter ATP-binding protein Rv0986 => putative ABC transporter ATP-binding protein
[00:43:35] Modify product: Uncharacterized protein SA0370 => putative protein
[00:43:35] Modify product: UPF0355 protein SA0372 => hypothetical protein
[00:43:35] Modify product: Uncharacterized transporter Rv1979c => putative transporter
[00:43:35] Modify product: Putative glutamine amidotransferase Rv2859c => Putative glutamine amidotransferase
[00:43:35] Modify product: Probable peptide export permease protein YydJ => putative peptide export permease protein YydJ
[00:43:35] Modify product: Probable peptide export ATP-binding protein YydI => putative peptide export ATP-binding protein YydI
[00:43:35] Modify product: Uncharacterized protein YojF => putative protein YojF
[00:43:35] Modify product: Probable N-acetyl-alpha-D-glucosaminyl L-malate deacetylase 2 => putative N-acetyl-alpha-D-glucosaminyl L-malate deacetylase 2
[00:43:35] Modify product: Probable phosphatase IndB => putative phosphatase IndB
[00:43:35] Modify product: Probable branched-chain-amino-acid aminotransferase => putative branched-chain-amino-acid aminotransferase
[00:43:35] Modify product: Uncharacterized epimerase/dehydratase SA0511 => putative epimerase/dehydratase
[00:43:35] Modify product: Uncharacterized protein YacP => putative protein YacP
[00:43:35] Modify product: Uncharacterized PIN and TRAM-domain containing protein YacL => putative PIN and TRAM-domain containing protein YacL
[00:43:35] Modify product: Probable dual-specificity RNA methyltransferase RlmN => putative dual-specificity RNA methyltransferase RlmN
[00:43:35] Modify product: Probable SapB synthase => putative SapB synthase
[00:43:35] Modify product: Rqc2 homolog RqcH => Rqc2 RqcH
[00:43:35] Modify product: Uncharacterized N-acetyltransferase SA1019 => putative N-acetyltransferase
[00:43:35] Modify product: Nucleoid-associated protein SA0437 => Nucleoid-associated protein
[00:43:35] Modify product: Uncharacterized protein YedJ => putative protein YedJ
[00:43:35] Modify product: UPF0340 protein SAOUHSC_02355 => hypothetical protein
[00:43:35] Modify product: Probable DNA-directed RNA polymerase subunit delta => putative DNA-directed RNA polymerase subunit delta
[00:43:35] Modify product: Probable quinol oxidase subunit 1 => putative quinol oxidase subunit 1
[00:43:35] Modify product: Probable quinol oxidase subunit 2 => putative quinol oxidase subunit 2
[00:43:35] Modify product: Bifunctional protein FolD => Bifunctional protein FolD protein
[00:43:36] Modify product: UPF0213 protein EF_2693 => hypothetical protein
[00:43:36] Modify product: Uncharacterized ABC transporter ATP-binding protein YlmA => putative ABC transporter ATP-binding protein YlmA
[00:43:36] Modify product: UPF0223 protein BH2638 => hypothetical protein
[00:43:36] Modify product: UPF0637 protein SA0957 => hypothetical protein
[00:43:36] Modify product: UPF0358 protein MW0995 => hypothetical protein
[00:43:36] Modify product: Probable peptidoglycan glycosyltransferase FtsW => putative peptidoglycan glycosyltransferase FtsW
[00:43:36] Modify product: Probable iron export ATP-binding protein FetA => putative iron export ATP-binding protein FetA
[00:43:36] Modify product: Probable iron export permease protein FetB => putative iron export permease protein FetB
[00:43:36] Modify product: Probable N-acetyl-LL-diaminopimelate aminotransferase => putative N-acetyl-LL-diaminopimelate aminotransferase
[00:43:36] Modify product: Acetyltransferase SACOL1063 => Acetyltransferase
[00:43:36] Modify product: Probable siderophore transport system permease protein YfiZ => putative siderophore transport system permease protein YfiZ
[00:43:36] Modify product: UPF0457 protein SA1975.1 => hypothetical protein
[00:43:36] Modify product: Probable uridylyltransferase SA1974 => putative uridylyltransferase
[00:43:36] Modify product: UPF0073 inner membrane protein YqfA => hypothetical protein
[00:43:36] Cleaned 184 /product names
[00:43:36] Deleting unwanted file: xxa_ann/xxa.sprot.tmp.2528262.faa
[00:43:36] Deleting unwanted file: xxa_ann/xxa.sprot.tmp.2528262.blast
[00:43:36] Labelling remaining 900 proteins as 'hypothetical protein'
[00:43:36] Possible /pseudo 'putative protein' at 1 position 3259
[00:43:36] Possible /pseudo 'tRNA hydroxylation protein P' at 1 position 397463
[00:43:36] Possible /pseudo 'D-glucoside 3-dehydrogenase' at 2 position 91480
[00:43:36] Possible /pseudo 'Ureidoglycolate dehydrogenase (NAD(+))' at 2 position 109367
[00:43:36] Possible /pseudo 'Immunoglobulin G-binding protein A' at 2 position 174032
[00:43:36] Possible /pseudo 'Methionine-binding lipoprotein MetQ' at 3 position 64609
[00:43:36] Possible /pseudo 'Signal peptidase IB' at 3 position 127133
[00:43:36] Possible /pseudo 'Lipase' at 4 position 16438
[00:43:36] Possible /pseudo 'UTP--glucose-1-phosphate uridylyltransferase' at 6 position 87918
[00:43:36] Possible /pseudo 'Di-/tripeptide transporter' at 10 position 15404
[00:43:36] Found 1340 unique /gene codes.
[00:43:36] Fixed 2 duplicate /gene - mecA_1 mecA_2
[00:43:36] Fixed 2 duplicate /gene - sdhB_1 sdhB_2
[00:43:36] Fixed 3 duplicate /gene - glpQ_1 glpQ_2 glpQ_3
[00:43:36] Fixed 2 duplicate /gene - oatA_1 oatA_2
[00:43:36] Fixed 2 duplicate /gene - pepF_1 pepF_2
[00:43:36] Fixed 2 duplicate /gene - map_1 map_2
[00:43:36] Fixed 2 duplicate /gene - oppC_1 oppC_2
[00:43:36] Fixed 2 duplicate /gene - macB_1 macB_2
[00:43:36] Fixed 2 duplicate /gene - argR_1 argR_2
[00:43:36] Fixed 2 duplicate /gene - dtpT_1 dtpT_2
[00:43:36] Fixed 2 duplicate /gene - ptsG_1 ptsG_2
[00:43:36] Fixed 3 duplicate /gene - spsB_1 spsB_2 spsB_3
[00:43:36] Fixed 2 duplicate /gene - alr1_1 alr1_2
[00:43:36] Fixed 2 duplicate /gene - lacD_1 lacD_2
[00:43:36] Fixed 3 duplicate /gene - ldh_1 ldh_2 ldh_3
[00:43:36] Fixed 2 duplicate /gene - graX_1 graX_2
[00:43:36] Fixed 2 duplicate /gene - dapX_1 dapX_2
[00:43:36] Fixed 2 duplicate /gene - hptR_1 hptR_2
[00:43:36] Fixed 2 duplicate /gene - fabG_1 fabG_2
[00:43:36] Fixed 2 duplicate /gene - murJ_1 murJ_2
[00:43:36] Fixed 2 duplicate /gene - yhfK_1 yhfK_2
[00:43:36] Fixed 2 duplicate /gene - rbsD_1 rbsD_2
[00:43:36] Fixed 2 duplicate /gene - ghrB_1 ghrB_2
[00:43:36] Fixed 2 duplicate /gene - yjdJ_1 yjdJ_2
[00:43:36] Fixed 2 duplicate /gene - ycjS_1 ycjS_2
[00:43:36] Fixed 2 duplicate /gene - trhP_1 trhP_2
[00:43:36] Fixed 2 duplicate /gene - ywpJ_1 ywpJ_2
[00:43:36] Fixed 2 duplicate /gene - aroA_1 aroA_2
[00:43:36] Fixed 3 duplicate /gene - metQ_1 metQ_2 metQ_3
[00:43:36] Fixed 2 duplicate /gene - pxpB_1 pxpB_2
[00:43:36] Fixed 2 duplicate /gene - treR_1 treR_2
[00:43:36] Fixed 2 duplicate /gene - siaT_1 siaT_2
[00:43:36] Fixed 2 duplicate /gene - norA_1 norA_2
[00:43:36] Fixed 3 duplicate /gene - atl_1 atl_2 atl_3
[00:43:36] Fixed 2 duplicate /gene - cdaR_1 cdaR_2
[00:43:36] Fixed 2 duplicate /gene - carA_1 carA_2
[00:43:36] Fixed 2 duplicate /gene - secY_1 secY_2
[00:43:36] Fixed 2 duplicate /gene - pdhC_1 pdhC_2
[00:43:36] Fixed 2 duplicate /gene - mhqA_1 mhqA_2
[00:43:36] Fixed 2 duplicate /gene - arcB_1 arcB_2
[00:43:36] Fixed 2 duplicate /gene - yheS_1 yheS_2
[00:43:36] Fixed 2 duplicate /gene - ssbA_1 ssbA_2
[00:43:36] Fixed 2 duplicate /gene - spa_1 spa_2
[00:43:36] Fixed 3 duplicate /gene - yycB_1 yycB_2 yycB_3
[00:43:36] Fixed 2 duplicate /gene - mnhC1_1 mnhC1_2
[00:43:36] Fixed 2 duplicate /gene - allD_1 allD_2
[00:43:36] Fixed 2 duplicate /gene - nanA_1 nanA_2
[00:43:36] Fixed 2 duplicate /gene - mleN_1 mleN_2
[00:43:36] Fixed 2 duplicate /gene - metI_1 metI_2
[00:43:36] Fixed 3 duplicate /gene - gtaB_1 gtaB_2 gtaB_3
[00:43:36] Fixed 2 duplicate /gene - sndA_1 sndA_2
[00:43:36] Fixed 2 duplicate /gene - mntB_1 mntB_2
[00:43:36] Fixed 3 duplicate /gene - sdhA_1 sdhA_2 sdhA_3
[00:43:36] Fixed 2 duplicate /gene - accB_1 accB_2
[00:43:36] Fixed 2 duplicate /gene - pabA_1 pabA_2
[00:43:36] Fixed 2 duplicate /gene - ysdC_1 ysdC_2
[00:43:36] Fixed 2 duplicate /gene - def_1 def_2
[00:43:36] Fixed 3 duplicate /gene - lip_1 lip_2 lip_3
[00:43:36] Fixed 2 duplicate /gene - ulaA_1 ulaA_2
[00:43:36] Fixed 3 duplicate /gene - yciC_1 yciC_2 yciC_3
[00:43:36] Fixed 2 duplicate /gene - treP_1 treP_2
[00:43:36] Fixed 2 duplicate /gene - aldC_1 aldC_2
[00:43:36] Fixed 2 duplicate /gene - iscS_1 iscS_2
[00:43:36] Fixed 2 duplicate /gene - lysP_1 lysP_2
[00:43:36] Fixed 2 duplicate /gene - yfiZ_1 yfiZ_2
[00:43:36] Fixed 2 duplicate /gene - dnaB_1 dnaB_2
[00:43:36] Fixed 2 duplicate /gene - emrB_1 emrB_2
[00:43:36] Fixed 2 duplicate /gene - tagG_1 tagG_2
[00:43:36] Fixed 2 duplicate /gene - hisC_1 hisC_2
[00:43:36] Fixed 2 duplicate /gene - femA_1 femA_2
[00:43:36] Fixed 2 duplicate /gene - dinB_1 dinB_2
[00:43:36] Fixed 2 duplicate /gene - abgB_1 abgB_2
[00:43:36] Fixed 2 duplicate /gene - cls_1 cls_2
[00:43:36] Fixed 2 duplicate /gene - pepT_1 pepT_2
[00:43:36] Fixed 2 duplicate /gene - hptS_1 hptS_2
[00:43:36] Fixed 2 duplicate /gene - ugpQ_1 ugpQ_2
[00:43:36] Fixed 2 duplicate /gene - manZ_1 manZ_2
[00:43:36] Fixed 2 duplicate /gene - tenA_1 tenA_2
[00:43:36] Fixed 2 duplicate /gene - lutR_1 lutR_2
[00:43:36] Fixed 2 duplicate /gene - yqfL_1 yqfL_2
[00:43:36] Fixed 2 duplicate /gene - suhB_1 suhB_2
[00:43:36] Fixed 2 duplicate /gene - pxpC_1 pxpC_2
[00:43:36] Fixed 3 duplicate /gene - opuD_1 opuD_2 opuD_3
[00:43:36] Fixed 3 duplicate /gene - mdrP_1 mdrP_2 mdrP_3
[00:43:36] Fixed 2 duplicate /gene - pdhD_1 pdhD_2
[00:43:36] Fixed 2 duplicate /gene - sbnH_1 sbnH_2
[00:43:36] Fixed 2 duplicate /gene - uhpT_1 uhpT_2
[00:43:36] Fixed 2 duplicate /gene - ktrB_1 ktrB_2
[00:43:36] Fixed 2 duplicate /gene - argS_1 argS_2
[00:43:36] Fixed 2 duplicate /gene - uvrA_1 uvrA_2
[00:43:36] Fixed 2 duplicate /gene - secA_1 secA_2
[00:43:36] Fixed 91 colliding /gene names.
[00:43:36] Adding /locus_tag identifiers
[00:43:36] Assigned 2545 locus_tags to CDS and RNA features.
[00:43:36] Writing outputs to xxa_ann/
[00:43:37] Generating annotation statistics file
[00:43:37] Generating Genbank and Sequin files
[00:43:37] Running: tbl2asn -V b -a r10k -l paired-ends -M n -N 1 -y 'Annotated using prokka 1.15.6 from https://github.com/tseemann/prokka' -Z xxa_ann\/xxa\.err -i xxa_ann\/xxa\.fsa 2> /dev/null
[00:43:42] Deleting unwanted file: xxa_ann/errorsummary.val
[00:43:42] Deleting unwanted file: xxa_ann/xxa.dr
[00:43:42] Deleting unwanted file: xxa_ann/xxa.fixedproducts
[00:43:42] Deleting unwanted file: xxa_ann/xxa.ecn
[00:43:42] Deleting unwanted file: xxa_ann/xxa.val
[00:43:42] Repairing broken .GBK output that tbl2asn produces...
[00:43:42] Running: sed 's/COORDINATES: profile/COORDINATES:profile/' < xxa_ann\/xxa\.gbf > xxa_ann\/xxa\.gbk
[00:43:42] Deleting unwanted file: xxa_ann/xxa.gbf
[00:43:42] Output files:
[00:43:42] xxa_ann/xxa.fsa
[00:43:42] xxa_ann/xxa.sqn
[00:43:42] xxa_ann/xxa.fna
[00:43:42] xxa_ann/xxa.ffn
[00:43:42] xxa_ann/xxa.gbk
[00:43:42] xxa_ann/xxa.log
[00:43:42] xxa_ann/xxa.txt
[00:43:42] xxa_ann/xxa.tsv
[00:43:42] xxa_ann/xxa.faa
[00:43:42] xxa_ann/xxa.tbl
[00:43:42] xxa_ann/xxa.gff
[00:43:42] xxa_ann/xxa.err
[00:43:42] Annotation finished successfully.
[00:43:42] Walltime used: 6.18 minutes
[00:43:42] If you use this result please cite the Prokka paper:
[00:43:42] Seemann T (2014) Prokka: rapid prokaryotic genome annotation. Bioinformatics. 30(14):2068-9.
[00:43:42] Type 'prokka --citation' for more details.
[00:43:42] Share and enjoy!
